<?xml version="1.0" encoding="UTF-8"?>
<!-- Generated by org.testng.reporters.JUnitReportReporter -->
<testsuite hostname="PavanS" failures="0" tests="3" name="testcases.LoginTest" time="8.488" errors="0" timestamp="2024-03-21T20:55:10 IST" skipped="0">
  <testcase classname="testcases.LoginTest" name="login" time="7.777"/>
  <system-out>
    <![CDATA[logged into application]]>
  </system-out>
  <testcase classname="testcases.LoginTest" name="verifyTitle" time="0.011"/>
  <system-out>
    <![CDATA[Title is matched]]>
  </system-out>
  <testcase classname="testcases.LoginTest" name="logout" time="0.700"/>
  <system-out>
    <![CDATA[logged out from application]]>
  </system-out>
</testsuite> <!-- testcases.LoginTest -->
